Phase 2: Complete (20/4816 done)
  [30/4816] aūktais paminīts
  [40/4816] absurds
  [50/4816] adder
  [60/4816] preidāsnā
  [70/4816] enimmewingis
  [80/4816] antenna
  [90/4816] gērbewingis
  [100/4816] diwaspārtiskan
  [110/4816] senwaitjāsnā
  [120/4816] ainaraggis
  [130/4816] perjāsenis
  [140/4816] aīkuls
  [150/4816] wins
  [160/4816] ainuntapērgimis
  [170/4816] atrappisks
  [180/4816] akācija
  [190/4816] akūstisks
  [200/4816] Albi
  [210/4816] alārms
  [220/4816] ālgebra
  [230/4816] aktualizītun
  [240/4816] Amellingi
  [250/4816] winenīks
  [260/4816] amputītun
  [270/4816] ānss
  [280/4816] Andris
  [290/4816] anekdōtisks
  [300/4816] chaōts
  [310/4816] appi
  [320/4816] apisārgs
  [330/4816] wābli
  [340/4816] ainapresliskan
  [350/4816] stwi
  [360/4816] arāiks
  [370/4816] adwōkats
  [380/4816] kāigi tēt dīgi
  [390/4816] asms
  [400/4816] asimetrīja
  [410/4816] pakwaitēits
  [420/4816] ēnwangan
  [430/4816] Atlāntis Ōkeans
  [440/4816] nidēiwiskan
  [450/4816] aūks
  [460/4816] aubewārgintun
  [470/4816] aulaūwusins
  [480/4816] alnis āuss
  [490/4816] winnai
  [500/4816] etbaudīnsna
  [510/4816] aumenewīngis
  [520/4816] wāzistjan
  [530/4816] marri
  [540/4816] bādjas kalabijjan
  [550/4816] etkūmpis
  [560/4816] auplūstwei
  [570/4816] subdefinīsnā
  [580/4816] kūmptwei
  [590/4816] karīlas
  [600/4816] alfabētisks
  [610/4816] ebgrjaūztun
  [620/4816] begānts
  [630/4816] bilāiti
  [640/4816] ensklāwintun
  [650/4816] subjektan
  [660/4816] àsmens
  [670/4816] kīrsns
  [680/4816] ebzignāts
  [690/4816] bliccis
  [700/4816] auwaitjātwei
  [710/4816] ebmussitwei
  [720/4816] stabnī
  [730/4816] Bōhemija
  [740/4816] lubā
  [750/4816] Bōsnija
  [760/4816] ebplatītwei
  [770/4816] braīdi
  [780/4816] mazgena
  [790/4816] brīzi
  [800/4816] augaūtun
  [810/4816] autōbuss
  [820/4816] autōbusadwars
  [830/4816] būsenjans
  [840/4816] ausegtun si
  [850/4816] ebwarītajs
  [860/4816] ebzignāsei
  [870/4816] dājā
  [880/4816] dabbars
  [890/4816] dānskan
  [900/4816] pirzdbetai
  [910/4816] bugga
  [920/4816] arests
  [930/4816] dēiwans
  [940/4816] aīningis
  [950/4816] ilzi
  [960/4816] din
  [970/4816] aupalsenis
  [980/4816] dīwinsnā
  [990/4816] Gāudjāi
  [1000/4816] āudalbis
  [1010/4816] leītiks
  [1020/4816] grubbiskan
  [1030/4816] puppi
  [1040/4816] dōmasswilpiks
  [1050/4816] sīnds
  [1060/4816] geniks
  [1070/4816] lāsā
  [1080/4816] druwēimai
  [1090/4816] druwīngis
  [1100/4816] Akkads
  [1110/4816] kraujakwaitīngis
  [1120/4816] dūrs
  [1130/4816] dulzis
  [1140/4816] dwāi
  [1150/4816] dwigubāi
  [1160/4816] Saldawa
  [1170/4816] ausiskēipiks
  [1180/4816] zemē
  [1190/4816] ebtikewīngis
  [1200/4816] ēdeiti
  [1210/4816] pedagōgs
  [1220/4816] aūgmenija
  [1230/4816] degasrōzi
  [1240/4816] duppelis
  [1250/4816] astōnerjai
  [1260/4816] eīskinsnā
  [1270/4816] alēja
Traceback (most recent call last):
  File "/home/strfry/tmp/prussian-dictionary/scripts/scrape.py", line 355, in <module>
    phase_complete()
  File "/home/strfry/tmp/prussian-dictionary/scripts/scrape.py", line 247, in phase_complete
    fetch(BASE + "/more/", post_data={
  File "/home/strfry/tmp/prussian-dictionary/scripts/scrape.py", line 95, in fetch
    return resp.read().decode("utf-8-sig")
           ^^^^^^^^^^^^^^^^^^^^^^^^^^^^^^^
  File "/usr/lib/python3.12/encodings/utf_8_sig.py", line 23, in decode
    (output, consumed) = codecs.utf_8_decode(input, errors, True)
                         ^^^^^^^^^^^^^^^^^^^^^^^^^^^^^^^^^^^^^^^^
UnicodeDecodeError: 'utf-8' codec can't decode byte 0xc4 in position 563: invalid continuation byte
decoding with 'utf-8-sig' codec failed
